d:\учеба\2024-2025\прога\курсовая\phone_book\phone_book\x64\debug\vc143.pdb
d:\учеба\2024-2025\прога\курсовая\phone_book\phone_book\x64\debug\vc143.idb
d:\учеба\2024-2025\прога\курсовая\phone_book\phone_book\x64\debug\mainwindow.obj
d:\учеба\2024-2025\прога\курсовая\phone_book\phone_book\x64\debug\moc_contactdialog.obj
d:\учеба\2024-2025\прога\курсовая\phone_book\phone_book\x64\debug\moc_mainwindow.obj
d:\учеба\2024-2025\прога\курсовая\phone_book\phone_book\x64\debug\book.obj
d:\учеба\2024-2025\прога\курсовая\phone_book\phone_book\x64\debug\storage.obj
d:\учеба\2024-2025\прога\курсовая\phone_book\phone_book\x64\debug\contactdialog.obj
d:\учеба\2024-2025\прога\курсовая\phone_book\phone_book\x64\debug\main.obj
d:\учеба\2024-2025\прога\курсовая\phone_book\phone_book\x64\debug\database.obj
d:\учеба\2024-2025\прога\курсовая\phone_book\phone_book\x64\debug\contact.obj
d:\учеба\2024-2025\прога\курсовая\phone_book\phone_book\x64\debug\qt\moc\moc_mainwindow.cpp
d:\учеба\2024-2025\прога\курсовая\phone_book\phone_book\x64\debug\qt\moc\moc_contactdialog.cpp
d:\учеба\2024-2025\прога\курсовая\phone_book\phone_book\x64\debug\qt\uic\ui_mainwindow.h
d:\учеба\2024-2025\прога\курсовая\phone_book\phone_book\x64\debug\qt\uic\ui_contactdialog.h
d:\учеба\2024-2025\прога\курсовая\phone_book\x64\debug\phone_book.exe
d:\учеба\2024-2025\прога\курсовая\phone_book\phone_book\x64\debug\phone_book.tlog\cl.command.1.tlog
d:\учеба\2024-2025\прога\курсовая\phone_book\phone_book\x64\debug\phone_book.tlog\cl.read.1.tlog
d:\учеба\2024-2025\прога\курсовая\phone_book\phone_book\x64\debug\phone_book.tlog\cl.write.1.tlog
d:\учеба\2024-2025\прога\курсовая\phone_book\phone_book\x64\debug\phone_book.tlog\link.command.1.tlog
d:\учеба\2024-2025\прога\курсовая\phone_book\phone_book\x64\debug\phone_book.tlog\link.read.1.tlog
d:\учеба\2024-2025\прога\курсовая\phone_book\phone_book\x64\debug\phone_book.tlog\link.write.1.tlog
d:\учеба\2024-2025\прога\курсовая\phone_book\phone_book\x64\debug\phone_book.tlog\moc.read.1u.tlog
d:\учеба\2024-2025\прога\курсовая\phone_book\phone_book\x64\debug\phone_book.tlog\moc.write.1u.tlog
d:\учеба\2024-2025\прога\курсовая\phone_book\phone_book\x64\debug\phone_book.tlog\phone_book.write.1u.tlog
d:\учеба\2024-2025\прога\курсовая\phone_book\phone_book\x64\debug\phone_book.tlog\uic.read.1u.tlog
d:\учеба\2024-2025\прога\курсовая\phone_book\phone_book\x64\debug\phone_book.tlog\uic.write.1u.tlog
